{
  "RSpec": {
    "coverage": {
      "/Users/flatironschool/Development/code/book_worm/app/controllers/books_controller.rb": [
        1,
        null,
        1,
        null,
        null,
        1,
        0,
        0,
        0,
        null,
        0,
        0,
        null,
        null,
        null,
        1,
        0,
        null,
        null,
        1,
        0,
        0,
        null,
        null,
        1,
        1,
        0,
        null,
        null
      ],
      "/Users/flatironschool/Development/code/book_worm/app/controllers/application_controller.rb": [
        1,
        null,
        null,
        1,
        null
      ],
      "/Users/flatironschool/Development/code/book_worm/app/models/author.rb": [
        1,
        1,
        1,
        null
      ],
      "/Users/flatironschool/Development/code/book_worm/app/models/book_author.rb": [
        1,
        1,
        1,
        null
      ],
      "/Users/flatironschool/Development/code/book_worm/app/models/book_genre.rb": [
        1,
        1,
        1,
        null
      ],
      "/Users/flatironschool/Development/code/book_worm/app/models/book.rb": [
        1,
        null,
        1,
        1,
        1,
        1,
        1,
        null,
        1,
        1,
        1,
        null,
        null,
        null,
        1,
        1,
        11,
        null,
        null,
        null,
        1,
        1,
        null,
        null,
        null,
        null,
        null,
        null,
        null,
        null,
        null,
        null,
        null,
        null,
        null,
        null,
        null,
        null,
        null,
        null,
        null,
        null,
        null,
        null,
        null,
        null,
        null,
        null,
        null,
        1,
        1,
        1,
        1,
        1,
        null,
        null,
        null,
        null,
        1,
        0,
        0,
        0,
        null,
        null,
        null,
        1,
        1,
        1,
        1,
        1,
        1,
        null,
        null,
        null,
        1,
        1,
        1,
        0,
        null,
        null,
        1,
        null,
        null,
        null,
        null,
        null,
        null,
        null,
        null,
        1,
        null,
        1,
        1,
        1,
        1,
        1,
        1,
        null,
        1,
        null,
        1,
        null,
        1,
        null,
        null,
        null,
        null,
        null,
        null,
        0,
        null,
        null,
        0,
        0,
        null,
        null,
        null,
        null,
        1,
        1,
        1,
        1,
        1,
        13,
        null,
        1,
        null,
        null,
        null
      ],
      "/Users/flatironschool/Development/code/book_worm/app/models/genre.rb": [
        1,
        1,
        1,
        null
      ]
    },
    "timestamp": 1396891528
  }
}
